La génération a démarré 1/13/2016 9:40:53 PM.
     1>Projet "E:\COMPIL\TD2\YACC_EA\YACC_EA\YACC_EA.vcxproj" sur le nœud 2 (build cible(s)).
     1>InitializeBuildStatus:
         Création de "Debug\YACC_EA.unsuccessfulbuild", car "AlwaysCreate" a été spécifié.
       ClCompile:
         C:\Program Files (x86)\Microsoft Visual Studio 10.0\VC\bin\CL.exe /c /ZI /nologo /W3 /WX- /Od /Oy- /D WIN32 /D _DEBUG /D _CONSOLE /D _UNICODE /D UNICODE /Gm /EHsc /RTC1 /MTd /GS /fp:precise /Zc:wchar_t /Zc:forScope /Fo"Debug\\" /Fd"Debug\vc100.pdb" /Gd /TC /analyze- /errorReport:prompt D:\Etudes\2CSSIQ\COMPIL\ExpressionArithmetiques\lexer.c D:\Etudes\2CSSIQ\COMPIL\ExpressionArithmetiques\parser.c
         parser.c
         lexer.c
         Génération de code en cours...
       ManifestResourceCompile:
         Toutes les sorties sont à jour.
       Link:
         C:\Program Files (x86)\Microsoft Visual Studio 10.0\VC\bin\link.exe /ERRORREPORT:PROMPT /OUT:"E:\COMPIL\TD2\YACC_EA\Debug\YACC_EA.exe" /INCREMENTAL /NOLOGO kernel32.lib user32.lib gdi32.lib winspool.lib comdlg32.lib advapi32.lib shell32.lib ole32.lib oleaut32.lib uuid.lib odbc32.lib odbccp32.lib /NODEFAULTLIB:libcmt.lib /NODEFAULTLIB:msvcrtd.lib /MANIFEST /ManifestFile:"Debug\YACC_EA.exe.intermediate.manifest" /MANIFESTUAC:"level='asInvoker' uiAccess='false'" /DEBUG /PDB:"E:\COMPIL\TD2\YACC_EA\Debug\YACC_EA.pdb" /SUBSYSTEM:CONSOLE /TLBID:1 /DYNAMICBASE /NXCOMPAT /IMPLIB:"E:\COMPIL\TD2\YACC_EA\Debug\YACC_EA.lib" /MACHINE:X86 Debug\YACC_EA.exe.embed.manifest.res
         Debug\lexer.obj
         Debug\parser.obj "ylmt.lib" "ylmtd.lib" 
       Manifest:
         C:\Program Files (x86)\Microsoft SDKs\Windows\v7.0A\bin\mt.exe /nologo /verbose /out:"Debug\YACC_EA.exe.embed.manifest" /manifest Debug\YACC_EA.exe.intermediate.manifest
         Toutes les sorties sont à jour.
       LinkEmbedManifest:
         Toutes les sorties sont à jour.
         YACC_EA.vcxproj -> E:\COMPIL\TD2\YACC_EA\Debug\YACC_EA.exe
       FinalizeBuildStatus:
         Suppression du fichier "Debug\YACC_EA.unsuccessfulbuild".
         Mise à jour de l'horodatage "Debug\YACC_EA.lastbuildstate".
     1>Génération du projet "E:\COMPIL\TD2\YACC_EA\YACC_EA\YACC_EA.vcxproj" terminée (build cible(s)).

La génération a réussi.

Temps écoulé 00:00:15.43
